# JRE version: OpenJDK Runtime Environment Temurin-21.0.7+6 (21.0.7+6) (build 21.0.7+6-LTS)
# Java VM: OpenJDK 64-Bit Server VM Temurin-21.0.7+6 (21.0.7+6-LTS, mixed mode, emulated-client, sharing, tiered, compressed oops, compressed class ptrs, g1 gc, windows-amd64)
GC Precious Log:
 CardTable entry size: 512
 Card Set container configuration: InlinePtr #cards 4 size 8 Array Of Cards #cards 32 size 80 Howl #buckets 8 coarsen threshold 7372 Howl Bitmap #cards 1024 size 144 coarsen threshold 921 Card regions per heap region 1 cards per card region 8192
 CPUs: 8 total, 8 available
 Memory: 32509M
 Large Page Support: Disabled
 NUMA Support: Disabled
 Compressed Oops: Enabled (Zero based)
 Heap Region Size: 4M
 Heap Min Capacity: 8M
 Heap Initial Capacity: 508M
 Heap Max Capacity: 8128M
 Pre-touch: Disabled
 Parallel Workers: 8
 Concurrent Workers: 2
 Concurrent Refinement Workers: 8
 Periodic GC: Disabled
Heap:
 garbage-first heap   total 110592K, used 41300K [0x0000000604000000, 0x0000000800000000)
  region size 4096K, 2 young (8192K), 1 survivors (4096K)
 Metaspace       used 83867K, committed 84864K, reserved 1179648K
  class space    used 11301K, committed 11776K, reserved 1048576K
GC Heap History (20 events):
Event: 816.998 GC heap after
{Heap after GC invocations=38 (full 9):
 garbage-first heap   total 110592K, used 34840K [0x0000000604000000, 0x0000000800000000)
  region size 4096K, 2 young (8192K), 2 survivors (8192K)
 Metaspace       used 81160K, committed 81920K, reserved 1179648K
  class space    used 10991K, committed 11392K, reserved 1048576K
}
Event: 820.663 GC heap before
{Heap before GC invocations=38 (full 9):
 garbage-first heap   total 110592K, used 47128K [0x0000000604000000, 0x0000000800000000)
  region size 4096K, 6 young (24576K), 2 survivors (8192K)
 Metaspace       used 81171K, committed 81984K, reserved 1179648K
  class space    used 10992K, committed 11392K, reserved 1048576K
}
Event: 820.759 GC heap after
{Heap after GC invocations=39 (full 10):
 garbage-first heap   total 110592K, used 29191K [0x0000000604000000, 0x0000000800000000)
  region size 4096K, 0 young (0K), 0 survivors (0K)
 Metaspace       used 81155K, committed 81984K, reserved 1179648K
  class space    used 10990K, committed 11392K, reserved 1048576K
}
Event: 822.308 GC heap before
{Heap before GC invocations=39 (full 10):
 garbage-first heap   total 110592K, used 86535K [0x0000000604000000, 0x0000000800000000)
  region size 4096K, 15 young (61440K), 0 survivors (0K)
 Metaspace       used 81614K, committed 82368K, reserved 1179648K
  class space    used 11028K, committed 11392K, reserved 1048576K
}
Event: 822.314 GC heap after
{Heap after GC invocations=40 (full 10):
 garbage-first heap   total 110592K, used 34803K [0x0000000604000000, 0x0000000800000000)
  region size 4096K, 2 young (8192K), 2 survivors (8192K)
 Metaspace       used 81614K, committed 82368K, reserved 1179648K
  class space    used 11028K, committed 11392K, reserved 1048576K
}
Event: 850.672 GC heap before
{Heap before GC invocations=40 (full 10):
 garbage-first heap   total 110592K, used 55283K [0x0000000604000000, 0x0000000800000000)
  region size 4096K, 8 young (32768K), 2 survivors (8192K)
 Metaspace       used 81712K, committed 82560K, reserved 1179648K
  class space    used 11045K, committed 11456K, reserved 1048576K
}
Event: 850.759 GC heap after
{Heap after GC invocations=41 (full 11):
 garbage-first heap   total 110592K, used 31694K [0x0000000604000000, 0x0000000800000000)
  region size 4096K, 0 young (0K), 0 survivors (0K)
 Metaspace       used 81695K, committed 82560K, reserved 1179648K
  class space    used 11042K, committed 11456K, reserved 1048576K
}
Event: 851.553 GC heap before
{Heap before GC invocations=41 (full 11):
 garbage-first heap   total 110592K, used 89038K [0x0000000604000000, 0x0000000800000000)
  region size 4096K, 14 young (57344K), 0 survivors (0K)
 Metaspace       used 82139K, committed 82944K, reserved 1179648K
  class space    used 11074K, committed 11456K, reserved 1048576K
}
Event: 851.557 GC heap after
{Heap after GC invocations=42 (full 11):
 garbage-first heap   total 110592K, used 36932K [0x0000000604000000, 0x0000000800000000)
  region size 4096K, 2 young (8192K), 2 survivors (8192K)
 Metaspace       used 82139K, committed 82944K, reserved 1179648K
  class space    used 11074K, committed 11456K, reserved 1048576K
}
Event: 854.169 GC heap before
{Heap before GC invocations=43 (full 11):
 garbage-first heap   total 110592K, used 53316K [0x0000000604000000, 0x0000000800000000)
  region size 4096K, 7 young (28672K), 2 survivors (8192K)
 Metaspace       used 82150K, committed 82944K, reserved 1179648K
  class space    used 11074K, committed 11456K, reserved 1048576K
}
Event: 854.252 GC heap after
{Heap after GC invocations=44 (full 12):
 garbage-first heap   total 110592K, used 29878K [0x0000000604000000, 0x0000000800000000)
  region size 4096K, 0 young (0K), 0 survivors (0K)
 Metaspace       used 82134K, committed 82944K, reserved 1179648K
  class space    used 11071K, committed 11456K, reserved 1048576K
}
Event: 855.177 GC heap before
{Heap before GC invocations=44 (full 12):
 garbage-first heap   total 110592K, used 87222K [0x0000000604000000, 0x0000000800000000)
  region size 4096K, 15 young (61440K), 0 survivors (0K)
 Metaspace       used 82600K, committed 83456K, reserved 1179648K
  class space    used 11108K, committed 11520K, reserved 1048576K
}
Event: 855.181 GC heap after
{Heap after GC invocations=45 (full 12):
 garbage-first heap   total 110592K, used 35427K [0x0000000604000000, 0x0000000800000000)
  region size 4096K, 2 young (8192K), 2 survivors (8192K)
 Metaspace       used 82600K, committed 83456K, reserved 1179648K
  class space    used 11108K, committed 11520K, reserved 1048576K
}
Event: 1034.990 GC heap before
{Heap before GC invocations=45 (full 12):
 garbage-first heap   total 110592K, used 60003K [0x0000000604000000, 0x0000000800000000)
  region size 4096K, 9 young (36864K), 2 survivors (8192K)
 Metaspace       used 82758K, committed 83648K, reserved 1179648K
  class space    used 11135K, committed 11584K, reserved 1048576K
}
Event: 1035.119 GC heap after
{Heap after GC invocations=46 (full 13):
 garbage-first heap   total 110592K, used 32294K [0x0000000604000000, 0x0000000800000000)
  region size 4096K, 0 young (0K), 0 survivors (0K)
 Metaspace       used 82741K, committed 83648K, reserved 1179648K
  class space    used 11132K, committed 11584K, reserved 1048576K
}
Event: 1036.757 GC heap before
{Heap before GC invocations=46 (full 13):
 garbage-first heap   total 110592K, used 85542K [0x0000000604000000, 0x0000000800000000)
  region size 4096K, 14 young (57344K), 0 survivors (0K)
 Metaspace       used 83187K, committed 84096K, reserved 1179648K
  class space    used 11164K, committed 11584K, reserved 1048576K
}
Event: 1036.762 GC heap after
{Heap after GC invocations=47 (full 13):
 garbage-first heap   total 110592K, used 37642K [0x0000000604000000, 0x0000000800000000)
  region size 4096K, 2 young (8192K), 2 survivors (8192K)
 Metaspace       used 83187K, committed 84096K, reserved 1179648K
  class space    used 11164K, committed 11584K, reserved 1048576K
}
Event: 1389.283 GC heap before
{Heap before GC invocations=47 (full 13):
 garbage-first heap   total 110592K, used 82698K [0x0000000604000000, 0x0000000800000000)
  region size 4096K, 14 young (57344K), 2 survivors (8192K)
 Metaspace       used 83822K, committed 84736K, reserved 1179648K
  class space    used 11289K, committed 11712K, reserved 1048576K
}
Event: 1389.289 GC heap after
{Heap after GC invocations=48 (full 13):
 garbage-first heap   total 110592K, used 39926K [0x0000000604000000, 0x0000000800000000)
  region size 4096K, 1 young (4096K), 1 survivors (4096K)
 Metaspace       used 83822K, committed 84736K, reserved 1179648K
  class space    used 11289K, committed 11712K, reserved 1048576K
}
Event: 1391.598 GC heap before
{Heap before GC invocations=48 (full 13):
 garbage-first heap   total 110592K, used 39926K [0x0000000604000000, 0x0000000800000000)
  region size 4096K, 2 young (8192K), 1 survivors (4096K)
 Metaspace       used 83867K, committed 84864K, reserved 1179648K
  class space    used 11301K, committed 11776K, reserved 1048576K
}

